<?xml version="1.0" encoding="UTF-8"?>
<!-- Generated by org.testng.reporters.JUnitReportReporter -->
<testsuite hostname="LAPTOP-9BFQG462" failures="2" tests="2" name="testRunners.LoginTestRunner" time="41.583" errors="0" timestamp="2025-05-15T12:20:09 IST" skipped="0">
  <testcase classname="testRunners.LoginTestRunner" name="runScenario" time="23.602">
    <failure message="expected [true] but found [false]" type="java.lang.AssertionError">
      <![CDATA[java.lang.AssertionError: expected [true] but found [false]
at org.testng.Assert.fail(Assert.java:111)
at org.testng.Assert.failNotEquals(Assert.java:1578)
at org.testng.Assert.assertTrue(Assert.java:57)
at org.testng.Assert.assertTrue(Assert.java:67)
at stepDefinitions.DashboardStepDefination.verifyDashboard(DashboardStepDefination.java:17)
at ✽.the Dashboard page is displayed(file:///C:/Users/qq/eclipse-workspace/InTheFormCucum/src/test/java/featureFiles/LoginFeature.feature:10)
]]>
    </failure>
  </testcase> <!-- runScenario -->
  <testcase classname="testRunners.LoginTestRunner" name="runScenario" time="17.981">
    <failure message="expected [true] but found [false]" type="java.lang.AssertionError">
      <![CDATA[java.lang.AssertionError: expected [true] but found [false]
at org.testng.Assert.fail(Assert.java:111)
at org.testng.Assert.failNotEquals(Assert.java:1578)
at org.testng.Assert.assertTrue(Assert.java:57)
at org.testng.Assert.assertTrue(Assert.java:67)
at stepDefinitions.DashboardStepDefination.verifyDashboard(DashboardStepDefination.java:17)
at ✽.the Dashboard page is displayed(file:///C:/Users/qq/eclipse-workspace/InTheFormCucum/src/test/java/featureFiles/LoginFeature.feature:10)
]]>
    </failure>
  </testcase> <!-- runScenario -->
</testsuite> <!-- testRunners.LoginTestRunner -->
